---------------------------------------------------------------------------------------------------------------------------------------------------------------------------------
      name:  <unnamed>
       log:  \\tsclient\D\Downloads\projeto_2021_2\regressao\regressao.log
  log type:  text
 opened on:  28 Jan 2022, 13:03:15

. do "C:\Users\VIABF3~1\AppData\Local\Temp\9\STDa0_000000.tmp"

. * Regressão para o mundo
. 
. svy: logit vdomest ib1.catIS ib1.catEduc ib1.catES responsavel_financeira ib1.catAge ib3.catEC religiao_import ib1.catNumeroFilhos i.pais_reg  i.wave i.pais_reg
(running logit on estimation sample)

Survey: Logistic regression

Number of strata =     152                        Number of obs   =    101,063
Number of PSUs   = 101,063                        Population size = 68,486.163
                                                  Design df       =    100,911
                                                  F(109, 100803)  =     109.97
                                                  Prob > F        =     0.0000

------------------------------------------------------------------------------------------------------
                                     |             Linearized
                             vdomest | Coefficient  std. err.      t    P>|t|     [95% conf. interval]
-------------------------------------+----------------------------------------------------------------
                               catIS |
                         2º quintil  |   .2991067   .0280311    10.67   0.000     .2441661    .3540473
                         3º quintil  |   .3147345   .0272693    11.54   0.000     .2612871    .3681819
                         4º quintil  |   .3346865   .0314719    10.63   0.000     .2730021     .396371
                         5º quintil  |   .1600439   .0422082     3.79   0.000     .0773164    .2427714
                                     |
                             catEduc |
                       ensino médio  |  -.2192157     .02227    -9.84   0.000    -.2628646   -.1755667
         ensino técnico ou superior  |   -.325682   .0276976   -11.76   0.000    -.3799689    -.271395
                                     |
                               catES |
                      tempo parcial  |   .1093925   .0323969     3.38   0.001     .0458949      .17289
                           autônoma  |     .05001   .0318881     1.57   0.117    -.0124902    .1125102
                         aposentada  |  -.0035546   .0400413    -0.09   0.929    -.0820352    .0749259
                             do lar  |   .0536867   .0273371     1.96   0.050     .0001063    .1072672
                       desempregada  |   .0356862   .0307056     1.16   0.245    -.0244964    .0958688
                                     |
              responsavel_financeira |   .0738391   .0220423     3.35   0.001     .0306365    .1170418
                                     |
                              catAge |
                            31 à 40  |  -.0651413   .0253646    -2.57   0.010    -.1148556    -.015427
                            41 à 50  |  -.0799088   .0279213    -2.86   0.004    -.1346343   -.0251834
                            51 à 60  |   -.105745   .0311295    -3.40   0.001    -.1667584   -.0447316
                            61 à 70  |  -.1312376   .0399107    -3.29   0.001     -.209462   -.0530133
                               + 71  |  -.1109576    .050898    -2.18   0.029    -.2107171   -.0111982
                                     |
                               catEC |
casada ou morando junto como casada  |   -.045961   .0313083    -1.47   0.142    -.1073248    .0154028
      divorciada, separada ou viúva  |  -.0894885    .038142    -2.35   0.019    -.1642463   -.0147307
                                     |
                     religiao_import |   .0001411   .0335169     0.00   0.997    -.0655516    .0658338
                                     |
                     catNumeroFilhos |
                           um filho  |   .0366194   .0319734     1.15   0.252    -.0260481     .099287
                        dois filhos  |  -.0469658   .0317519    -1.48   0.139    -.1091991    .0152674
                três ou mais filhos  |  -.0501218   .0328409    -1.53   0.127    -.1144897     .014246
                                     |
                            pais_reg |
                            Andorra  |  -2.995506   .1913422   -15.66   0.000    -3.370534   -2.620477
                          Argentina  |  -2.402552    .165841   -14.49   0.000    -2.727599   -2.077506
                            Armenia  |  -1.827569   .1459922   -12.52   0.000    -2.113712   -1.541426
                          Australia  |  -2.741188   .1385258   -19.79   0.000    -3.012697   -2.469679
                         Azerbaijan  |  -1.147822   .1395909    -8.22   0.000    -1.421418   -.8742252
                         Bangladesh  |  -.3373692   .1239661    -2.72   0.007    -.5803412   -.0943973
                            Belarus  |  -1.141536   .1234226    -9.25   0.000    -1.383443   -.8996289
                            Bolivia  |  -1.137076   .1218504    -9.33   0.000    -1.375902   -.8982509
                             Brazil  |   -2.04981   .1146807   -17.87   0.000    -2.274582   -1.825037
                           Bulgaria  |   -1.16027    .199629    -5.81   0.000     -1.55154   -.7689995
                       Burkina Faso  |  -.1974553   .1252056    -1.58   0.115    -.4428567    .0479462
                             Canada  |  -2.224213   .1153806   -19.28   0.000    -2.450358   -1.998069
                              Chile  |   -1.68979    .120006   -14.08   0.000       -1.925    -1.45458
                              China  |  -.9920857   .1016309    -9.76   0.000    -1.191281   -.7928905
                           Colombia  |  -1.880426   .1224798   -15.35   0.000    -2.120485   -1.640367
                             Cyprus  |  -1.873788   .1268824   -14.77   0.000    -2.122476     -1.6251
                            Ecuador  |  -1.176151   .1231745    -9.55   0.000    -1.417571   -.9347301
                              Egypt  |   .1948639   .1018213     1.91   0.056    -.0047046    .3944324
                            Estonia  |  -1.427706   .1303524   -10.95   0.000    -1.683195   -1.172217
                           Ethiopia  |  -1.411676   .1169271   -12.07   0.000    -1.640852     -1.1825
                            Finland  |  -1.973058   .2358811    -8.36   0.000    -2.435382   -1.510734
                            Georgia  |  -2.189407   .1363241   -16.06   0.000      -2.4566   -1.922214
                            Germany  |  -1.639233   .1048067   -15.64   0.000    -1.844653   -1.433813
                              Ghana  |   -.692102   .1062131    -6.52   0.000    -.9002784   -.4839256
                             Greece  |  -2.948988   .2282465   -12.92   0.000    -3.396348   -2.501628
                          Guatemala  |   -1.11743   .1421789    -7.86   0.000    -1.396099   -.8387616
                              Haiti  |   .5193165   .1123885     4.62   0.000     .2990365    .7395966
                Hong Kong SAR China  |  -.4876883    .112671    -4.33   0.000    -.7085221   -.2668546
                            Hungary  |  -2.165829   .1859287   -11.65   0.000    -2.530247   -1.801411
                              India  |  -.8372647   .1037643    -8.07   0.000    -1.040641    -.633888
                          Indonesia  |   -1.37118   .1073352   -12.77   0.000    -1.581556   -1.160804
                               Iran  |  -1.496576   .1313817   -11.39   0.000    -1.754083    -1.23907
                               Iraq  |   .1670721   .1072535     1.56   0.119    -.0431435    .3772877
                              Italy  |  -2.742324   .3006968    -9.12   0.000    -3.331686   -2.152962
                              Japan  |  -1.577636   .1166977   -13.52   0.000    -1.806362    -1.34891
                             Jordan  |  -1.428887   .1187829   -12.03   0.000      -1.6617   -1.196074
                         Kazakhstan  |  -.3589812   .1052882    -3.41   0.001    -.5653447   -.1526178
                             Kuwait  |   -.479773   .1405903    -3.41   0.001    -.7553283   -.2042177
                         Kyrgyzstan  |  -.7577364   .1074678    -7.05   0.000    -.9683719   -.5471009
                            Lebanon  |  -.1333961     .10718    -1.24   0.213    -.3434675    .0766753
                              Libya  |  -1.151061   .1174658    -9.80   0.000    -1.381292   -.9208293
                    Macao SAR China  |  -.1812215   .1297125    -1.40   0.162    -.4354564    .0730135
                           Malaysia  |    .067773   .1028118     0.66   0.510    -.1337368    .2692828
                               Mali  |    .398084   .1310787     3.04   0.002     .1411714    .6549967
                             Mexico  |  -1.065815   .1044286   -10.21   0.000    -1.270494   -.8611367
                            Moldova  |  -1.123445   .1505324    -7.46   0.000    -1.418487   -.8284037
                            Morocco  |  -1.119193   .1180017    -9.48   0.000    -1.350475   -.8879113
                    Myanmar (Burma)  |  -1.550167   .1458321   -10.63   0.000    -1.835996   -1.264338
                        Netherlands  |  -2.512131   .1630106   -15.41   0.000     -2.83163   -2.192633
                        New Zealand  |  -2.539773   .1791224   -14.18   0.000    -2.890851   -2.188695
                          Nicaragua  |  -1.894022   .1646896   -11.50   0.000    -2.216812   -1.571232
                            Nigeria  |  -.2190102   .1039522    -2.11   0.035    -.4227551   -.0152652
                             Norway  |  -1.889418   .1781039   -10.61   0.000      -2.2385   -1.540337
                           Pakistan  |  -.7460897   .1071616    -6.96   0.000     -.956125   -.5360544
            Palestinian Territories  |  -.3678076   .1272709    -2.89   0.004    -.6172569   -.1183583
                               Peru  |  -1.010198   .1152017    -8.77   0.000    -1.235992   -.7844046
                        Philippines  |   .2294515   .1066033     2.15   0.031     .0205105    .4383926
                             Poland  |  -2.261298   .1502124   -15.05   0.000    -2.555713   -1.966884
                        Puerto Rico  |  -2.761532   .2173305   -12.71   0.000    -3.187497   -2.335567
                              Qatar  |  -1.334409   .1387627    -9.62   0.000    -1.606382   -1.062436
                            Romania  |  -1.944398   .1130791   -17.20   0.000    -2.166031   -1.722764
                             Russia  |  -.7452282   .1035605    -7.20   0.000    -.9482054    -.542251
                             Rwanda  |   1.249351   .1059235    11.79   0.000     1.041742     1.45696
                             Serbia  |  -.3391588   .1200583    -2.82   0.005    -.5744716   -.1038459
                          Singapore  |  -.8771711   .1014296    -8.65   0.000    -1.075972   -.6783704
                           Slovenia  |  -1.558604   .1247463   -12.49   0.000    -1.803105   -1.314102
                       South Africa  |   .0365816   .0966349     0.38   0.705    -.1528216    .2259848
                        South Korea  |   -.776955   .1042277    -7.45   0.000    -.9812399     -.57267
                             Sweden  |   -2.37058   .1537362   -15.42   0.000    -2.671901   -2.069259
                        Switzerland  |  -1.731012     .15224   -11.37   0.000    -2.029401   -1.432624
                             Taiwan  |  -1.202347   .1105846   -10.87   0.000    -1.419091   -.9856022
                         Tajikistan  |   1.752756   .1402165    12.50   0.000     1.477933    2.027578
                           Thailand  |  -.2744954   .1015673    -2.70   0.007    -.4735661   -.0754247
                  Trinidad & Tobago  |  -1.949719   .1433794   -13.60   0.000     -2.23074   -1.668697
                            Tunisia  |  -1.047358   .1126025    -9.30   0.000    -1.268057   -.8266584
                             Turkey  |  -1.291971   .1070358   -12.07   0.000     -1.50176   -1.082183
                            Ukraine  |  -.7199396   .1053124    -6.84   0.000    -.9263505   -.5135287
                      United States  |  -1.990903   .1154057   -17.25   0.000    -2.217097    -1.76471
                            Uruguay  |  -1.664878   .1255976   -13.26   0.000    -1.911048   -1.418709
                         Uzbekistan  |  -.2580138   .1123895    -2.30   0.022    -.4782959   -.0377317
                            Vietnam  |  -.0684266   .1087045    -0.63   0.529    -.2814861    .1446329
                              Yemen  |   -.577628   .1289628    -4.48   0.000    -.8303936   -.3248625
                             Zambia  |   .7791202    .125852     6.19   0.000     .5324519    1.025788
                           Zimbabwe  |  -.5559918   .1047036    -5.31   0.000    -.7612096   -.3507741
                                     |
                                wave |
                                  6  |   .1578028   .0273935     5.76   0.000     .1041119    .2114937
                                  7  |  -.0405453   .0288328    -1.41   0.160    -.0970572    .0159667
                                     |
                               _cons |  -.2239798   .1044606    -2.14   0.032    -.4287213   -.0192383
------------------------------------------------------------------------------------------------------

. margins, dydx(*)

Average marginal effects

Number of strata =     152                        Number of obs   =    101,063
Number of PSUs   = 101,063                        Population size = 68,486.163
Model VCE: Linearized                             Design df       =    100,911

Expression: Pr(vdomest), predict()
dy/dx wrt:  2.catIS 3.catIS 4.catIS 5.catIS 2.catEduc 3.catEduc 2.catES 3.catES 4.catES 5.catES 6.catES responsavel_financeira 2.catAge 3.catAge 4.catAge 5.catAge 6.catAge
            1.catEC 2.catEC religiao_import 2.catNumeroFilhos 3.catNumeroFilhos 4.catNumeroFilhos 2.pais_reg 3.pais_reg 4.pais_reg 5.pais_reg 6.pais_reg 7.pais_reg 8.pais_reg
            9.pais_reg 10.pais_reg 11.pais_reg 12.pais_reg 13.pais_reg 14.pais_reg 15.pais_reg 16.pais_reg 17.pais_reg 18.pais_reg 19.pais_reg 20.pais_reg 21.pais_reg
            22.pais_reg 24.pais_reg 25.pais_reg 26.pais_reg 27.pais_reg 28.pais_reg 29.pais_reg 30.pais_reg 31.pais_reg 32.pais_reg 33.pais_reg 34.pais_reg 35.pais_reg
            36.pais_reg 37.pais_reg 38.pais_reg 39.pais_reg 40.pais_reg 41.pais_reg 42.pais_reg 43.pais_reg 44.pais_reg 45.pais_reg 46.pais_reg 47.pais_reg 48.pais_reg
            49.pais_reg 50.pais_reg 51.pais_reg 52.pais_reg 53.pais_reg 54.pais_reg 55.pais_reg 56.pais_reg 57.pais_reg 58.pais_reg 59.pais_reg 60.pais_reg 62.pais_reg
            63.pais_reg 64.pais_reg 65.pais_reg 66.pais_reg 67.pais_reg 68.pais_reg 69.pais_reg 70.pais_reg 71.pais_reg 73.pais_reg 74.pais_reg 75.pais_reg 76.pais_reg
            77.pais_reg 78.pais_reg 79.pais_reg 80.pais_reg 81.pais_reg 83.pais_reg 84.pais_reg 85.pais_reg 86.pais_reg 87.pais_reg 88.pais_reg 89.pais_reg 6.wave 7.wave

------------------------------------------------------------------------------------------------------
                                     |            Delta-method
                                     |      dy/dx   std. err.      t    P>|t|     [95% conf. interval]
-------------------------------------+----------------------------------------------------------------
                               catIS |
                         2º quintil  |    .045318   .0041577    10.90   0.000     .0371689    .0534672
                         3º quintil  |    .047841   .0040158    11.91   0.000     .0399702    .0557119
                         4º quintil  |   .0510839   .0047652    10.72   0.000     .0417442    .0604236
                         5º quintil  |   .0235376   .0062943     3.74   0.000     .0112008    .0358743
                                     |
                             catEduc |
                       ensino médio  |  -.0357582   .0036756    -9.73   0.000    -.0429624   -.0285541
         ensino técnico ou superior  |  -.0520373   .0044173   -11.78   0.000    -.0606951   -.0433794
                                     |
                               catES |
                      tempo parcial  |   .0174506   .0052183     3.34   0.001     .0072228    .0276784
                           autônoma  |    .007886   .0050507     1.56   0.118    -.0020133    .0177854
                         aposentada  |  -.0005546   .0062447    -0.09   0.929    -.0127941    .0116849
                             do lar  |   .0084719   .0043187     1.96   0.050     7.40e-06    .0169365
                       desempregada  |   .0056114   .0048412     1.16   0.246    -.0038772    .0151001
                                     |
              responsavel_financeira |   .0116776   .0034851     3.35   0.001     .0048468    .0185083
                                     |
                              catAge |
                            31 à 40  |  -.0104386   .0040657    -2.57   0.010    -.0184074   -.0024699
                            41 à 50  |  -.0127685   .0044579    -2.86   0.004     -.021506    -.004031
                            51 à 60  |  -.0168117   .0049333    -3.41   0.001     -.026481   -.0071424
                            61 à 70  |    -.02076   .0062486    -3.32   0.001    -.0330072   -.0085128
                               + 71  |  -.0176224   .0079812    -2.21   0.027    -.0332654   -.0019793
                                     |
                               catEC |
casada ou morando junto como casada  |  -.0073286   .0050165    -1.46   0.144     -.017161    .0025037
      divorciada, separada ou viúva  |  -.0141484   .0060366    -2.34   0.019    -.0259801   -.0023167
                                     |
                     religiao_import |   .0000223   .0053007     0.00   0.997    -.0103669    .0104115
                                     |
                     catNumeroFilhos |
                           um filho  |   .0058792   .0051276     1.15   0.252    -.0041708    .0159292
                        dois filhos  |  -.0074194   .0050282    -1.48   0.140    -.0172746    .0024358
                três ou mais filhos  |  -.0079131   .0051957    -1.52   0.128    -.0180966    .0022705
                                     |
                            pais_reg |
                            Andorra  |  -.4147187   .0230658   -17.98   0.000    -.4599274     -.36951
                          Argentina  |  -.3841922   .0239632   -16.03   0.000    -.4311598   -.3372246
                            Armenia  |  -.3356546   .0250686   -13.39   0.000    -.3847887   -.2865204
                          Australia  |  -.4035611   .0226839   -17.79   0.000    -.4480213   -.3591009
                         Azerbaijan  |  -.2442813   .0282277    -8.65   0.000    -.2996072   -.1889554
                         Bangladesh  |   -.081005   .0296878    -2.73   0.006    -.1391928   -.0228173
                            Belarus  |  -.2432384   .0261403    -9.31   0.000    -.2944731   -.1920038
                            Bolivia  |  -.2424964   .0260054    -9.32   0.000    -.2934667   -.1915261
                             Brazil  |  -.3571111   .0229035   -15.59   0.000    -.4020017   -.3122205
                           Bulgaria  |  -.2463354   .0367697    -6.70   0.000    -.3184034   -.1742673
                       Burkina Faso  |  -.0479817   .0303953    -1.58   0.114    -.1075561    .0115927
                             Canada  |   -.371487   .0228331   -16.27   0.000    -.4162395   -.3267344
                              Chile  |  -.3204137   .0239068   -13.40   0.000    -.3672706   -.2735568
                              China  |  -.2173476   .0237243    -9.16   0.000     -.263847   -.1708483
                           Colombia  |  -.3410969   .0235485   -14.48   0.000    -.3872516   -.2949421
                             Cyprus  |  -.3404254    .023856   -14.27   0.000    -.3871828    -.293668
                            Ecuador  |  -.2489346   .0259853    -9.58   0.000    -.2998655   -.1980037
                              Egypt  |   .0481734   .0250808     1.92   0.055    -.0009847    .0973315
                            Estonia  |  -.2869454   .0256753   -11.18   0.000    -.3372687    -.236622
                           Ethiopia  |  -.2846988   .0244574   -11.64   0.000    -.3326349   -.2367627
                            Finland  |  -.3501172   .0301812   -11.60   0.000    -.4092721   -.2909624
                            Georgia  |   -.368779   .0234879   -15.70   0.000    -.4148151    -.322743
                            Germany  |  -.3144251   .0230545   -13.64   0.000    -.3596116   -.2692386
                              Ghana  |  -.1591913   .0249667    -6.38   0.000    -.2081258   -.1102568
                             Greece  |  -.4128654   .0236653   -17.45   0.000    -.4592491   -.3664817
                          Guatemala  |  -.2392048   .0288719    -8.29   0.000    -.2957933   -.1826164
                              Haiti  |   .1278016   .0274223     4.66   0.000     .0740543     .181549
                Hong Kong SAR China  |  -.1152292   .0268084    -4.30   0.000    -.1677733   -.0626851
                            Hungary  |  -.3669001   .0257461   -14.25   0.000    -.4173621   -.3164381
                              India  |  -.1883359   .0242111    -7.78   0.000    -.2357893   -.1408825
                          Indonesia  |   -.278918   .0236904   -11.77   0.000    -.3253509   -.2324852
                               Iran  |  -.2963309   .0255109   -11.62   0.000    -.3463319   -.2463298
                               Iraq  |   .0412862   .0264344     1.56   0.118    -.0105249    .0930973
                              Italy  |  -.4036168   .0262187   -15.39   0.000    -.4550052   -.3522285
                              Japan  |  -.3068318    .023996   -12.79   0.000    -.3538637   -.2597999
                             Jordan  |  -.2871099   .0244914   -11.72   0.000    -.3351127   -.2391072
                         Kazakhstan  |  -.0860124   .0254716    -3.38   0.001    -.1359364   -.0360884
                             Kuwait  |  -.1134642   .0327004    -3.47   0.001    -.1775565   -.0493718
                         Kyrgyzstan  |  -.1725943   .0250775    -6.88   0.000     -.221746   -.1234426
                            Lebanon  |  -.0325609   .0262265    -1.24   0.214    -.0839646    .0188428
                              Libya  |  -.2448172   .0252468    -9.70   0.000    -.2943005   -.1953338
                    Macao SAR China  |  -.0440896   .0315116    -1.40   0.162    -.1058519    .0176726
                           Malaysia  |   .0167066    .025307     0.66   0.509    -.0328948     .066308
                               Mali  |   .0983274   .0321614     3.06   0.002     .0352914    .1613634
                             Mexico  |  -.2303834   .0238864    -9.64   0.000    -.2772005   -.1835662
                            Moldova  |  -.2402165   .0300509    -7.99   0.000    -.2991159   -.1813171
                            Morocco  |  -.2395017   .0255013    -9.39   0.000     -.289484   -.1895193
                    Myanmar (Burma)  |  -.3033386   .0265553   -11.42   0.000    -.3553866   -.2512907
                        Netherlands  |  -.3910956   .0234868   -16.65   0.000    -.4371293   -.3450618
                        New Zealand  |  -.3927361   .0239256   -16.41   0.000      -.43963   -.3458422
                          Nicaragua  |  -.3424616   .0260152   -13.16   0.000    -.3934512   -.2914721
                            Nigeria  |  -.0531318   .0253571    -2.10   0.036    -.1028313   -.0034323
                             Norway  |  -.3420011   .0270149   -12.66   0.000    -.3949499   -.2890523
                           Pakistan  |  -.1702427   .0250009    -6.81   0.000    -.2192442   -.1212412
            Palestinian Territories  |  -.0880495   .0302985    -2.91   0.004    -.1474342   -.0286649
                               Peru  |  -.2205972   .0255436    -8.64   0.000    -.2706623   -.1705322
                        Philippines  |   .0567424   .0262647     2.16   0.031      .005264    .1082208
                             Poland  |  -.3742877   .0238265   -15.71   0.000    -.4209872   -.3275881
                        Puerto Rico  |  -.4045508   .0240607   -16.81   0.000    -.4517095   -.3573922
                              Qatar  |  -.2735375    .026957   -10.15   0.000    -.3263728   -.2207022
                            Romania  |  -.3473953   .0230307   -15.08   0.000    -.3925351   -.3022555
                             Russia  |  -.1700683   .0244427    -6.96   0.000    -.2179757    -.122161
                             Rwanda  |    .287338   .0244419    11.76   0.000     .2394322    .3352438
                             Serbia  |  -.0814207   .0288287    -2.82   0.005    -.1379245   -.0249169
                          Singapore  |  -.1960231   .0238373    -8.22   0.000    -.2427439   -.1493023
                           Slovenia  |  -.3044186   .0247027   -12.32   0.000    -.3528355   -.2560016
                       South Africa  |   .0090077   .0237688     0.38   0.705    -.0375787    .0555942
                        South Korea  |  -.1764491   .0244781    -7.21   0.000    -.2244259   -.1284724
                             Sweden  |  -.3820528   .0236697   -16.14   0.000    -.4284451   -.3356605
                        Switzerland  |  -.3251371   .0261692   -12.42   0.000    -.3764285   -.2738458
                             Taiwan  |    -.25317    .024408   -10.37   0.000    -.3010093   -.2053307
                         Tajikistan  |   .3710377   .0269104    13.79   0.000     .3182937    .4237818
                           Thailand  |  -.0662884   .0247518    -2.68   0.007    -.1148017   -.0177752
                  Trinidad & Tobago  |  -.3479052    .024435   -14.24   0.000    -.3957976   -.3000129
                            Tunisia  |  -.2271679   .0249873    -9.09   0.000    -.2761427    -.178193
                             Turkey  |  -.2671711   .0237616   -11.24   0.000    -.3137436   -.2205986
                            Ukraine  |  -.1649205   .0247992    -6.65   0.000    -.2135267   -.1163143
                      United States  |  -.3517814   .0230598   -15.26   0.000    -.3969784   -.3065843
                            Uruguay  |    -.31749   .0243456   -13.04   0.000    -.3652071   -.2697729
                         Uzbekistan  |  -.0623961   .0272487    -2.29   0.022    -.1158032    -.008989
                            Vietnam  |  -.0167674   .0266698    -0.63   0.530    -.0690398     .035505
                              Yemen  |  -.1349676   .0297245    -4.54   0.000    -.1932273    -.076708
                             Zambia  |   .1887822   .0298147     6.33   0.000     .1303457    .2472187
                           Zimbabwe  |  -.1302739   .0249799    -5.22   0.000    -.1792342   -.0813136
                                     |
                                wave |
                                  6  |   .0252633   .0043372     5.82   0.000     .0167625    .0337642
                                  7  |  -.0062395   .0044469    -1.40   0.161    -.0149553    .0024763
------------------------------------------------------------------------------------------------------
Note: dy/dx for factor levels is the discrete change from the base level.

. 
. * Regressão para o Brasil 
. 
. svy: logit vdomest ib1.catIS ib1.catEduc ib1.catES responsavel_financeira ib1.catAge  ib3.catEC religiao_import ib1.catNumeroFilhos i.wave if pais == "Brazil"
(running logit on estimation sample)

Survey: Logistic regression

Number of strata =     3                          Number of obs   =      2,151
Number of PSUs   = 2,151                          Population size = 1,355.2767
                                                  Design df       =      2,148
                                                  F(25, 2124)     =       2.96
                                                  Prob > F        =     0.0000

------------------------------------------------------------------------------------------------------
                                     |             Linearized
                             vdomest | Coefficient  std. err.      t    P>|t|     [95% conf. interval]
-------------------------------------+----------------------------------------------------------------
                               catIS |
                         2º quintil  |   .5419305   .2368646     2.29   0.022     .0774226    1.006438
                         3º quintil  |   .7083068    .218803     3.24   0.001      .279219    1.137395
                         4º quintil  |   .9715635   .2739038     3.55   0.000     .4344192    1.508708
                         5º quintil  |   .0710408   .4597495     0.15   0.877    -.8305598    .9726414
                                     |
                             catEduc |
                       ensino médio  |   -.220987   .1692161    -1.31   0.192    -.5528315    .1108574
         ensino técnico ou superior  |  -1.168775   .2759138    -4.24   0.000    -1.709861   -.6276891
                                     |
                               catES |
                      tempo parcial  |   .1598449   .2599598     0.61   0.539    -.3499541    .6696439
                           autônoma  |   .1309539   .2188838     0.60   0.550    -.2982924    .5602002
                         aposentada  |  -.0969827   .2931584    -0.33   0.741    -.6718865    .4779212
                             do lar  |  -.4288695   .2693999    -1.59   0.112    -.9571812    .0994423
                       desempregada  |  -.4068834   .2698049    -1.51   0.132    -.9359894    .1222227
                                     |
              responsavel_financeira |  -.0046564   .1773032    -0.03   0.979    -.3523602    .3430474
                                     |
                              catAge |
                            31 à 40  |  -.6267604   .2181073    -2.87   0.004    -1.054484    -.199037
                            41 à 50  |  -.6050274   .2368442    -2.55   0.011    -1.069495   -.1405595
                            51 à 60  |  -.4861615   .2650316    -1.83   0.067    -1.005907    .0335837
                            61 à 70  |  -.9237448   .3499783    -2.64   0.008    -1.610076   -.2374132
                               + 71  |  -1.520484    .548792    -2.77   0.006    -2.596703   -.4442653
                                     |
                               catEC |
casada ou morando junto como casada  |  -.3016941   .2251513    -1.34   0.180    -.7432313    .1398431
      divorciada, separada ou viúva  |  -.1306207    .277195    -0.47   0.638    -.6742192    .4129778
                                     |
                     religiao_import |  -.4062731   .4448224    -0.91   0.361    -1.278601    .4660544
                                     |
                     catNumeroFilhos |
                           um filho  |   .0120928   .2559619     0.05   0.962    -.4898661    .5140517
                        dois filhos  |  -.0348268   .2784367    -0.13   0.900    -.5808603    .5112068
                três ou mais filhos  |  -.0827499    .292699    -0.28   0.777    -.6567528    .4912529
                                     |
                                wave |
                                  6  |  -.4565961   .2015557    -2.27   0.024    -.8518607   -.0613316
                                  7  |   -.245867   .2026122    -1.21   0.225    -.6432036    .1514695
                                     |
                               _cons |  -1.020901   .5417114    -1.88   0.060    -2.083235    .0414321
------------------------------------------------------------------------------------------------------

. margins, dydx(*)

Average marginal effects

Number of strata =     3                          Number of obs   =      2,151
Number of PSUs   = 2,151                          Population size = 1,355.2767
Model VCE: Linearized                             Design df       =      2,148

Expression: Pr(vdomest), predict()
dy/dx wrt:  2.catIS 3.catIS 4.catIS 5.catIS 2.catEduc 3.catEduc 2.catES 3.catES 4.catES 5.catES 6.catES responsavel_financeira 2.catAge 3.catAge 4.catAge 5.catAge 6.catAge
            1.catEC 2.catEC religiao_import 2.catNumeroFilhos 3.catNumeroFilhos 4.catNumeroFilhos 6.wave 7.wave

------------------------------------------------------------------------------------------------------
                                     |            Delta-method
                                     |      dy/dx   std. err.      t    P>|t|     [95% conf. interval]
-------------------------------------+----------------------------------------------------------------
                               catIS |
                         2º quintil  |   .0389891   .0169595     2.30   0.022     .0057303    .0722478
                         3º quintil  |   .0546152   .0159227     3.43   0.001     .0233896    .0858408
                         4º quintil  |   .0834244   .0263544     3.17   0.002     .0317416    .1351071
                         5º quintil  |   .0041918   .0277165     0.15   0.880     -.050162    .0585457
                                     |
                             catEduc |
                       ensino médio  |  -.0218527   .0169296    -1.29   0.197    -.0550528    .0113474
         ensino técnico ou superior  |  -.0830087   .0173645    -4.78   0.000    -.1170618   -.0489557
                                     |
                               catES |
                      tempo parcial  |    .015767   .0263936     0.60   0.550    -.0359926    .0675266
                           autônoma  |   .0127829   .0215935     0.59   0.554    -.0295634    .0551292
                         aposentada  |  -.0087099   .0258969    -0.34   0.737    -.0594955    .0420757
                             do lar  |  -.0340649   .0203631    -1.67   0.094    -.0739983    .0058686
                       desempregada  |   -.032583   .0204438    -1.59   0.111    -.0726748    .0075087
                                     |
              responsavel_financeira |  -.0004019   .0153052    -0.03   0.979    -.0304166    .0296127
                                     |
                              catAge |
                            31 à 40  |  -.0622093   .0219126    -2.84   0.005    -.1051816   -.0192371
                            41 à 50  |  -.0605021   .0234571    -2.58   0.010    -.1065031   -.0145011
                            51 à 60  |  -.0506366     .02716    -1.86   0.062    -.1038992    .0026259
                            61 à 70  |  -.0827863   .0281129    -2.94   0.003    -.1379177   -.0276549
                               + 71  |  -.1113546   .0282431    -3.94   0.000    -.1667413   -.0559679
                                     |
                               catEC |
casada ou morando junto como casada  |  -.0268171    .020958    -1.28   0.201    -.0679171     .014283
      divorciada, separada ou viúva  |  -.0123458   .0261837    -0.47   0.637    -.0636938    .0390022
                                     |
                     religiao_import |    -.03507     .03845    -0.91   0.362    -.1104731    .0403331
                                     |
                     catNumeroFilhos |
                           um filho  |   .0010725   .0226742     0.05   0.962    -.0433932    .0455381
                        dois filhos  |  -.0030356    .024341    -0.12   0.901    -.0507699    .0446988
                três ou mais filhos  |  -.0070857   .0252209    -0.28   0.779    -.0565456    .0423741
                                     |
                                wave |
                                  6  |  -.0407764   .0188453    -2.16   0.031    -.0777334   -.0038194
                                  7  |  -.0236642   .0199509    -1.19   0.236    -.0627894    .0154609
------------------------------------------------------------------------------------------------------
Note: dy/dx for factor levels is the discrete change from the base level.

. 
. * Regressão para o mundo e casadas
. 
. svy: logit vdomest ib1.catIS ib1.catEduc ib1.catES responsavel_financeira ib1.catAge ib3.catEC religiao_import ib1.catNumeroFilhos i.pais_reg i.wave i.pais_reg if catEC == 1
(running logit on estimation sample)

note: 1.catEC omitted because of collinearity.
note: 3b.catEC != 0 predicts failure perfectly;
      3b.catEC omitted and 0 obs not used.

Survey: Logistic regression

Number of strata =    152                         Number of obs   =     63,567
Number of PSUs   = 63,567                         Population size = 42,941.271
                                                  Design df       =     63,415
                                                  F(107, 63309)   =      71.09
                                                  Prob > F        =     0.0000

------------------------------------------------------------------------------------------------------
                                     |             Linearized
                             vdomest | Coefficient  std. err.      t    P>|t|     [95% conf. interval]
-------------------------------------+----------------------------------------------------------------
                               catIS |
                         2º quintil  |   .3230573   .0363793     8.88   0.000     .2517538    .3943608
                         3º quintil  |   .3367681   .0353023     9.54   0.000     .2675756    .4059606
                         4º quintil  |   .3535186   .0404495     8.74   0.000     .2742376    .4327997
                         5º quintil  |   .2354403    .054167     4.35   0.000     .1292729    .3416078
                                     |
                             catEduc |
                       ensino médio  |  -.1986746   .0275365    -7.21   0.000    -.2526462   -.1447029
         ensino técnico ou superior  |  -.2924927   .0352214    -8.30   0.000    -.3615266   -.2234587
                                     |
                               catES |
                      tempo parcial  |   .0871028    .041537     2.10   0.036     .0056902    .1685155
                           autônoma  |   .0054282   .0398421     0.14   0.892    -.0726623    .0835187
                         aposentada  |   .0131704    .052799     0.25   0.803    -.0903157    .1166564
                             do lar  |   .0289587   .0324546     0.89   0.372    -.0346525    .0925698
                       desempregada  |    .053547   .0465524     1.15   0.250    -.0376958    .1447898
                                     |
              responsavel_financeira |   .1618679   .0286842     5.64   0.000     .1056468     .218089
                                     |
                              catAge |
                            31 à 40  |  -.0620042   .0306782    -2.02   0.043    -.1221334    -.001875
                            41 à 50  |  -.0410729    .033445    -1.23   0.219    -.1066252    .0244794
                            51 à 60  |  -.0660721   .0379868    -1.74   0.082    -.1405262    .0083821
                            61 à 70  |  -.0852008   .0508293    -1.68   0.094    -.1848262    .0144246
                               + 71  |  -.0802209   .0714842    -1.12   0.262      -.22033    .0598882
                                     |
                               catEC |
casada ou morando junto como casada  |          0  (omitted)
                           solteira  |          0  (empty)
                                     |
                     religiao_import |  -.0835846    .043195    -1.94   0.053    -.1682468    .0010775
                                     |
                     catNumeroFilhos |
                           um filho  |  -.0121734   .0429485    -0.28   0.777    -.0963526    .0720058
                        dois filhos  |  -.0947105   .0414876    -2.28   0.022    -.1760263   -.0133948
                três ou mais filhos  |  -.1109974   .0427579    -2.60   0.009    -.1948029   -.0271919
                                     |
                            pais_reg |
                            Andorra  |  -3.016378   .2502689   -12.05   0.000    -3.506906   -2.525851
                          Argentina  |  -2.563609   .2405486   -10.66   0.000    -3.035084   -2.092133
                            Armenia  |  -1.914359   .1988137    -9.63   0.000    -2.304034   -1.524683
                          Australia  |  -2.957859   .1903762   -15.54   0.000    -3.330997   -2.584722
                         Azerbaijan  |  -1.177313   .1878809    -6.27   0.000     -1.54556   -.8090664
                         Bangladesh  |  -.2992447   .1576108    -1.90   0.058    -.6081621    .0096727
                            Belarus  |  -1.148169   .1744986    -6.58   0.000    -1.490186   -.8061512
                            Bolivia  |  -1.094507    .165819    -6.60   0.000    -1.419512   -.7695011
                             Brazil  |   -2.14742    .163229   -13.16   0.000    -2.467349    -1.82749
                           Bulgaria  |  -1.289332   .2468814    -5.22   0.000     -1.77322   -.8054439
                       Burkina Faso  |  -.0504195    .165308    -0.31   0.760    -.3744235    .2735844
                             Canada  |  -2.302807   .1611535   -14.29   0.000    -2.618669   -1.986946
                              Chile  |  -1.760011   .1663423   -10.58   0.000    -2.086043    -1.43398
                              China  |  -1.019984   .1389331    -7.34   0.000    -1.292293   -.7476745
                           Colombia  |  -1.947544   .1741782   -11.18   0.000    -2.288934   -1.606155
                             Cyprus  |  -2.041531   .1788883   -11.41   0.000    -2.392152   -1.690909
                            Ecuador  |  -1.120276   .1695087    -6.61   0.000    -1.452513   -.7880385
                              Egypt  |   .2706914   .1401511     1.93   0.053    -.0040049    .5453877
                            Estonia  |  -1.542973    .185055    -8.34   0.000    -1.905681   -1.180265
                           Ethiopia  |  -1.503626   .1656305    -9.08   0.000    -1.828262    -1.17899
                            Finland  |  -1.849022   .2744551    -6.74   0.000    -2.386955    -1.31109
                            Georgia  |   -2.35484   .1874892   -12.56   0.000    -2.722319   -1.987361
                            Germany  |  -1.741916    .147287   -11.83   0.000    -2.030599   -1.453233
                              Ghana  |  -.6166127   .1505659    -4.10   0.000     -.911722   -.3215033
                             Greece  |  -2.956123   .3118733    -9.48   0.000    -3.567395   -2.344851
                          Guatemala  |  -1.310236   .2217892    -5.91   0.000    -1.744943   -.8755286
                              Haiti  |   .5367549   .1781637     3.01   0.003     .1875537    .8859561
                Hong Kong SAR China  |  -.5175264   .1574709    -3.29   0.001    -.8261697   -.2088832
                            Hungary  |  -2.087607   .2617525    -7.98   0.000    -2.600642   -1.574572
                              India  |  -.8274127   .1388567    -5.96   0.000    -1.099572   -.5552533
                          Indonesia  |   -1.34637   .1457317    -9.24   0.000    -1.632004   -1.060735
                               Iran  |  -1.411268   .1763507    -8.00   0.000    -1.756916   -1.065621
                               Iraq  |   .2395389   .1452455     1.65   0.099    -.0451426    .5242203
                              Italy  |  -2.752484   .3692959    -7.45   0.000    -3.476304   -2.028663
                              Japan  |  -1.598137   .1559166   -10.25   0.000    -1.903734    -1.29254
                             Jordan  |  -1.362731   .1560931    -8.73   0.000    -1.668673   -1.056788
                         Kazakhstan  |  -.3891773    .146159    -2.66   0.008    -.6756492   -.1027054
                             Kuwait  |  -.6905045   .1918703    -3.60   0.000     -1.06657   -.3144385
                         Kyrgyzstan  |    -.70912   .1462761    -4.85   0.000    -.9958214   -.4224186
                            Lebanon  |  -.0689724   .1500625    -0.46   0.646     -.363095    .2251502
                              Libya  |  -1.245198   .1618422    -7.69   0.000    -1.562408   -.9279866
                    Macao SAR China  |  -.1097848   .1799546    -0.61   0.542     -.462496    .2429264
                           Malaysia  |    .100024   .1422764     0.70   0.482     -.178838    .3788859
                               Mali  |   .4819977   .1711431     2.82   0.005     .1465569    .8174385
                             Mexico  |  -1.087231   .1451409    -7.49   0.000    -1.371707   -.8027544
                            Moldova  |  -1.212534   .1992976    -6.08   0.000    -1.603157   -.8219104
                            Morocco  |  -1.022489   .1652843    -6.19   0.000    -1.346447   -.6985316
                    Myanmar (Burma)  |  -1.618859   .1913371    -8.46   0.000     -1.99388   -1.243838
                        Netherlands  |  -2.618048   .2164124   -12.10   0.000    -3.042217   -2.193879
                        New Zealand  |  -2.921888   .2451178   -11.92   0.000    -3.402319   -2.441457
                          Nicaragua  |  -1.860282    .219934    -8.46   0.000    -2.291353   -1.429211
                            Nigeria  |  -.2400262   .1458438    -1.65   0.100    -.5258801    .0458278
                             Norway  |  -1.979306   .2321904    -8.52   0.000    -2.434399   -1.524212
                           Pakistan  |  -.6357305    .143515    -4.43   0.000    -.9170202   -.3544409
            Palestinian Territories  |  -.2683434   .1694522    -1.58   0.113    -.6004699    .0637831
                               Peru  |  -1.012929   .1582356    -6.40   0.000    -1.323071   -.7027868
                        Philippines  |   .2245527   .1440479     1.56   0.119    -.0577814    .5068867
                             Poland  |   -2.39584   .2078647   -11.53   0.000    -2.803255   -1.988425
                        Puerto Rico  |  -2.506356   .2755889    -9.09   0.000     -3.04651   -1.966201
                              Qatar  |  -1.381785   .1861681    -7.42   0.000    -1.746674   -1.016895
                            Romania  |  -1.941125   .1526404   -12.72   0.000      -2.2403   -1.641949
                             Russia  |  -.7914024   .1494157    -5.30   0.000    -1.084257   -.4985475
                             Rwanda  |   1.408383   .1478941     9.52   0.000     1.118511    1.698256
                             Serbia  |  -.2923186   .1631844    -1.79   0.073    -.6121602    .0275231
                          Singapore  |   -.912953   .1417877    -6.44   0.000    -1.190857    -.635049
                           Slovenia  |  -1.617282   .1696902    -9.53   0.000    -1.949875   -1.284689
                       South Africa  |   .0293444   .1383522     0.21   0.832    -.2418261     .300515
                        South Korea  |  -.7961746   .1434837    -5.55   0.000    -1.077403   -.5149464
                             Sweden  |  -2.641284   .2231677   -11.84   0.000    -3.078693   -2.203875
                        Switzerland  |  -1.865225   .2154715    -8.66   0.000     -2.28755   -1.442901
                             Taiwan  |  -1.281177    .154399    -8.30   0.000    -1.583799   -.9785545
                         Tajikistan  |   1.995637   .1863937    10.71   0.000     1.630305    2.360969
                           Thailand  |  -.2102411   .1396974    -1.50   0.132    -.4840482     .063566
                  Trinidad & Tobago  |  -2.113812   .2191824    -9.64   0.000     -2.54341   -1.684214
                            Tunisia  |  -.9348531   .1560251    -5.99   0.000    -1.240662   -.6290437
                             Turkey  |  -1.207332   .1458179    -8.28   0.000    -1.493135   -.9215283
                            Ukraine  |   -.671005   .1463702    -4.58   0.000    -.9578908   -.3841193
                      United States  |  -2.257609   .1645175   -13.72   0.000    -2.580063   -1.935154
                            Uruguay  |  -1.609507   .1720696    -9.35   0.000    -1.946763    -1.27225
                         Uzbekistan  |  -.1799376   .1507248    -1.19   0.233    -.4753584    .1154832
                            Vietnam  |  -.0646585   .1483331    -0.44   0.663    -.3553915    .2260746
                              Yemen  |  -.4811754   .1671474    -2.88   0.004    -.8087847   -.1535662
                             Zambia  |   .7029168   .1892083     3.72   0.000     .3320683    1.073765
                           Zimbabwe  |  -.5209862    .148011    -3.52   0.000     -.811088   -.2308844
                                     |
                                wave |
                                  6  |   .1099742   .0345873     3.18   0.001      .042183    .1777654
                                  7  |  -.0581047   .0358447    -1.62   0.105    -.1283604    .0121511
                                     |
                               _cons |  -.1807112    .148477    -1.22   0.224    -.4717264    .1103041
------------------------------------------------------------------------------------------------------

. margins, dydx(*)

Average marginal effects

Number of strata =    152                         Number of obs   =     63,567
Number of PSUs   = 63,567                         Population size = 42,941.271
Model VCE: Linearized                             Design df       =     63,415

Expression: Pr(vdomest), predict()
dy/dx wrt:  2.catIS 3.catIS 4.catIS 5.catIS 2.catEduc 3.catEduc 2.catES 3.catES 4.catES 5.catES 6.catES responsavel_financeira 2.catAge 3.catAge 4.catAge 5.catAge 6.catAge
            1.catEC religiao_import 2.catNumeroFilhos 3.catNumeroFilhos 4.catNumeroFilhos 2.pais_reg 3.pais_reg 4.pais_reg 5.pais_reg 6.pais_reg 7.pais_reg 8.pais_reg
            9.pais_reg 10.pais_reg 11.pais_reg 12.pais_reg 13.pais_reg 14.pais_reg 15.pais_reg 16.pais_reg 17.pais_reg 18.pais_reg 19.pais_reg 20.pais_reg 21.pais_reg
            22.pais_reg 24.pais_reg 25.pais_reg 26.pais_reg 27.pais_reg 28.pais_reg 29.pais_reg 30.pais_reg 31.pais_reg 32.pais_reg 33.pais_reg 34.pais_reg 35.pais_reg
            36.pais_reg 37.pais_reg 38.pais_reg 39.pais_reg 40.pais_reg 41.pais_reg 42.pais_reg 43.pais_reg 44.pais_reg 45.pais_reg 46.pais_reg 47.pais_reg 48.pais_reg
            49.pais_reg 50.pais_reg 51.pais_reg 52.pais_reg 53.pais_reg 54.pais_reg 55.pais_reg 56.pais_reg 57.pais_reg 58.pais_reg 59.pais_reg 60.pais_reg 62.pais_reg
            63.pais_reg 64.pais_reg 65.pais_reg 66.pais_reg 67.pais_reg 68.pais_reg 69.pais_reg 70.pais_reg 71.pais_reg 73.pais_reg 74.pais_reg 75.pais_reg 76.pais_reg
            77.pais_reg 78.pais_reg 79.pais_reg 80.pais_reg 81.pais_reg 83.pais_reg 84.pais_reg 85.pais_reg 86.pais_reg 87.pais_reg 88.pais_reg 89.pais_reg 6.wave 7.wave

------------------------------------------------------------------------------------------------------
                                     |            Delta-method
                                     |      dy/dx   std. err.      t    P>|t|     [95% conf. interval]
-------------------------------------+----------------------------------------------------------------
                               catIS |
                         2º quintil  |    .048567   .0053341     9.10   0.000     .0381121    .0590218
                         3º quintil  |   .0507707   .0051312     9.89   0.000     .0407136    .0608278
                         4º quintil  |   .0534782   .0060464     8.84   0.000     .0416273    .0653291
                         5º quintil  |   .0347525   .0081413     4.27   0.000     .0187955    .0507095
                                     |
                             catEduc |
                       ensino médio  |  -.0321264   .0044937    -7.15   0.000    -.0409341   -.0233187
         ensino técnico ou superior  |  -.0464506   .0055566    -8.36   0.000    -.0573417   -.0355596
                                     |
                               catES |
                      tempo parcial  |   .0138404   .0066484     2.08   0.037     .0008096    .0268712
                           autônoma  |   .0008492   .0062354     0.14   0.892    -.0113722    .0130705
                         aposentada  |   .0020634   .0082846     0.25   0.803    -.0141744    .0183012
                             do lar  |   .0045508    .005099     0.89   0.372    -.0054433    .0145449
                       desempregada  |   .0084546   .0073909     1.14   0.253    -.0060316    .0229408
                                     |
              responsavel_financeira |    .025527   .0045197     5.65   0.000     .0166683    .0343856
                                     |
                              catAge |
                            31 à 40  |  -.0098437    .004882    -2.02   0.044    -.0194124    -.000275
                            41 à 50  |  -.0065466   .0053355    -1.23   0.220    -.0170042    .0039109
                            51 à 60  |  -.0104814    .006021    -1.74   0.082    -.0222826    .0013198
                            61 à 70  |  -.0134664   .0079807    -1.69   0.092    -.0291086    .0021758
                               + 71  |  -.0126915   .0111907    -1.13   0.257    -.0346253    .0092424
                                     |
                               catEC |
casada ou morando junto como casada  |          .  (not estimable)
                           solteira  |          0  (empty)
                                     |
                     religiao_import |  -.0131815   .0068106    -1.94   0.053    -.0265303    .0001673
                                     |
                     catNumeroFilhos |
                           um filho  |  -.0019694   .0069551    -0.28   0.777    -.0156014    .0116625
                        dois filhos  |  -.0150898   .0066804    -2.26   0.024    -.0281833   -.0019963
                três ou mais filhos  |  -.0176303   .0068675    -2.57   0.010    -.0310906   -.0041699
                                     |
                            pais_reg |
                            Andorra  |  -.4151872   .0326844   -12.70   0.000    -.4792486   -.3511258
                          Argentina  |  -.3938541    .033722   -11.68   0.000    -.4599493   -.3277589
                            Armenia  |  -.3443496   .0348073    -9.89   0.000    -.4125721   -.2761272
                          Australia  |  -.4128954   .0320965   -12.86   0.000    -.4758045   -.3499862
                         Azerbaijan  |  -.2491599   .0386059    -6.45   0.000    -.3248276   -.1734923
                         Bangladesh  |  -.0721682   .0381808    -1.89   0.059    -.1470027    .0026662
                            Belarus  |  -.2443797   .0371003    -6.59   0.000    -.3170963   -.1716631
                            Bolivia  |  -.2353676   .0363171    -6.48   0.000    -.3065492   -.1641861
                             Brazil  |  -.3652272   .0325756   -11.21   0.000    -.4290754   -.3013791
                           Bulgaria  |  -.2667847   .0451033    -5.91   0.000    -.3551873   -.1783821
                       Burkina Faso  |  -.0123794   .0406051    -0.30   0.760    -.0919655    .0672068
                             Canada  |  -.3771075    .032444   -11.62   0.000    -.4406978   -.3135172
                              Chile  |  -.3282852   .0336219    -9.76   0.000    -.3941841   -.2623863
                              China  |  -.2224004   .0330002    -6.74   0.000    -.2870808     -.15772
                           Colombia  |  -.3475625   .0334582   -10.39   0.000    -.4131406   -.2819844
                             Cyprus  |  -.3562206   .0334559   -10.65   0.000    -.4217941    -.290647
                            Ecuador  |  -.2397294   .0366521    -6.54   0.000    -.3115676   -.1678912
                              Egypt  |   .0670291   .0345299     1.94   0.052    -.0006496    .1347078
                            Estonia  |  -.3023733   .0358974    -8.42   0.000    -.3727322   -.2320144
                           Ethiopia  |  -.2972369   .0344959    -8.62   0.000     -.364849   -.2296249
                            Finland  |  -.3377785   .0403791    -8.37   0.000    -.4169214   -.2586355
                            Georgia  |  -.3807533   .0329292   -11.56   0.000    -.4452946   -.3162119
                            Germany  |  -.3262769   .0326487    -9.99   0.000    -.3902684   -.2622854
                              Ghana  |  -.1434208   .0357397    -4.01   0.000    -.2134705    -.073371
                             Greece  |  -.4128255   .0335882   -12.29   0.000    -.4786584   -.3469925
                          Guatemala  |  -.2699427   .0416823    -6.48   0.000      -.35164   -.1882454
                              Haiti  |   .1321666   .0433733     3.05   0.002     .0471549    .2171782
                Hong Kong SAR China  |  -.1219262   .0374934    -3.25   0.001    -.1954133   -.0484392
                            Hungary  |  -.3602345    .037212    -9.68   0.000      -.43317    -.287299
                              India  |  -.1864963   .0331504    -5.63   0.000    -.2514712   -.1215214
                          Indonesia  |  -.2753051   .0332086    -8.29   0.000     -.340394   -.2102161
                               Iran  |  -.2846313   .0359213    -7.92   0.000     -.355037   -.2142256
                               Iraq  |   .0593098   .0358072     1.66   0.098    -.0108723    .1294919
                              Italy  |  -.4038147   .0358212   -11.27   0.000    -.4740244    -.333605
                              Japan  |  -.3093435   .0334472    -9.25   0.000    -.3749001   -.2437869
                             Jordan  |   -.277693   .0340001    -8.17   0.000    -.3443333   -.2110527
                         Kazakhstan  |  -.0930349   .0354243    -2.63   0.009    -.1624666   -.0236032
                             Kuwait  |  -.1589469   .0431999    -3.68   0.000    -.2436188   -.0742749
                         Kyrgyzstan  |  -.1627874     .03472    -4.69   0.000    -.2308386   -.0947362
                            Lebanon  |  -.0169177   .0368622    -0.46   0.646    -.0891676    .0553323
                              Libya  |  -.2599822   .0349877    -7.43   0.000    -.3285581   -.1914062
                    Macao SAR China  |  -.0268638    .044023    -0.61   0.542     -.113149    .0594214
                           Malaysia  |    .024708   .0350603     0.70   0.481    -.0440101    .0934262
                               Mali  |   .1189311   .0418665     2.84   0.005     .0368726    .2009895
                             Mexico  |  -.2341247   .0335968    -6.97   0.000    -.2999746   -.1682749
                            Moldova  |  -.2548293   .0399395    -6.38   0.000    -.3331107   -.1765479
                            Morocco  |  -.2228449   .0365265    -6.10   0.000    -.2944369   -.1512529
                    Myanmar (Burma)  |  -.3118929   .0360446    -8.65   0.000    -.3825403   -.2412455
                        Netherlands  |  -.3968975   .0329318   -12.05   0.000    -.4614439   -.3323512
                        New Zealand  |  -.4114245   .0327984   -12.54   0.000    -.4757094   -.3471396
                          Nicaragua  |  -.3389345   .0364785    -9.29   0.000    -.4104324   -.2674366
                            Nigeria  |  -.0581845   .0356142    -1.63   0.102    -.1279883    .0116193
                             Norway  |  -.3505604    .036477    -9.61   0.000    -.4220554   -.2790654
                           Pakistan  |  -.1474803   .0343402    -4.29   0.000     -.214787   -.0801735
            Palestinian Territories  |  -.0648937   .0409778    -1.58   0.113    -.1452102    .0154228
                               Peru  |  -.2211458   .0356158    -6.21   0.000    -.2909529   -.1513387
                        Philippines  |   .0555937   .0355091     1.57   0.117    -.0140042    .1251915
                             Poland  |  -.3835148   .0334057   -11.48   0.000      -.44899   -.3180397
                        Puerto Rico  |  -.3904931   .0348627   -11.20   0.000    -.4588242   -.3221621
                              Qatar  |  -.2804427   .0369195    -7.60   0.000     -.352805   -.2080804
                            Romania  |  -.3469474   .0325635   -10.65   0.000     -.410772   -.2831229
                             Russia  |  -.1794084   .0350562    -5.12   0.000    -.2481186   -.1106982
                             Rwanda  |   .3167672   .0340198     9.31   0.000     .2500883    .3834461
                             Serbia  |  -.0705421   .0395002    -1.79   0.074    -.1479625    .0068783
                          Singapore  |  -.2028662   .0335491    -6.05   0.000    -.2686224   -.1371099
                           Slovenia  |  -.3117002   .0344113    -9.06   0.000    -.3791465   -.2442539
                       South Africa  |   .0072314   .0340633     0.21   0.832    -.0595327    .0739955
                        South Korea  |  -.1803543   .0340539    -5.30   0.000    -.2471001   -.1136085
                             Sweden  |  -.3981528   .0330883   -12.03   0.000    -.4630059   -.3332996
                        Switzerland  |  -.3394389   .0362703    -9.36   0.000    -.4105287   -.2683491
                             Taiwan  |  -.2655416   .0342381    -7.76   0.000    -.3326483   -.1984348
                         Tajikistan  |   .4035173   .0356001    11.33   0.000      .333741    .4732935
                           Thailand  |  -.0510857   .0342305    -1.49   0.136    -.1181775    .0160061
                  Trinidad & Tobago  |  -.3624518   .0348186   -10.41   0.000    -.4306962   -.2942073
                            Tunisia  |  -.2069497   .0355225    -5.83   0.000    -.2765739   -.1373256
                             Turkey  |  -.2539993   .0334399    -7.60   0.000    -.3195416   -.1884571
                            Ukraine  |   -.154893   .0348543    -4.44   0.000    -.2232075   -.0865785
                      United States  |  -.3738085    .032486   -11.51   0.000    -.4374811   -.3101359
                            Uruguay  |  -.3107469   .0345156    -9.00   0.000    -.3783975   -.2430964
                         Uzbekistan  |  -.0438222   .0368503    -1.19   0.234    -.1160489    .0284046
                            Vietnam  |  -.0158633   .0364498    -0.44   0.663     -.087305    .0555784
                              Yemen  |  -.1138582   .0395462    -2.88   0.004    -.1913688   -.0363476
                             Zambia  |    .171501   .0451813     3.80   0.000     .0829457    .2600563
                           Zimbabwe  |  -.1226892   .0355103    -3.46   0.001    -.1922895   -.0530889
                                     |
                                wave |
                                  6  |   .0175653   .0054855     3.20   0.001     .0068137    .0283168
                                  7  |  -.0089838   .0055594    -1.62   0.106    -.0198801    .0019125
------------------------------------------------------------------------------------------------------
Note: dy/dx for factor levels is the discrete change from the base level.

. 
. 
. * Regressão para o Brasil e casadas
. 
. svy: logit vdomest ib1.catIS ib1.catEduc ib1.catES responsavel_financeira ib1.catAge religiao_import ib1.catNumeroFilhos i.wave if catEC == 1 & pais == "Brazil"
(running logit on estimation sample)

Survey: Logistic regression

Number of strata =     3                          Number of obs   =      1,165
Number of PSUs   = 1,165                          Population size = 737.200127
                                                  Design df       =      1,162
                                                  F(23, 1140)     =       1.88
                                                  Prob > F        =     0.0074

---------------------------------------------------------------------------------------------
                            |             Linearized
                    vdomest | Coefficient  std. err.      t    P>|t|     [95% conf. interval]
----------------------------+----------------------------------------------------------------
                      catIS |
                2º quintil  |   .8232955   .3672802     2.24   0.025      .102689    1.543902
                3º quintil  |   1.063403   .3390588     3.14   0.002      .398167    1.728639
                4º quintil  |   1.429695   .4015848     3.56   0.000     .6417824    2.217607
                5º quintil  |   .7921785   .5958873     1.33   0.184     -.376957    1.961314
                            |
                    catEduc |
              ensino médio  |  -.5150798   .2389473    -2.16   0.031    -.9838962   -.0462634
ensino técnico ou superior  |  -.8814202    .367049    -2.40   0.016    -1.601573   -.1612673
                            |
                      catES |
             tempo parcial  |   .5638794   .3314906     1.70   0.089    -.0865076    1.214266
                  autônoma  |  -.0575207   .3233236    -0.18   0.859     -.691884    .5768426
                aposentada  |    -.67576   .4370715    -1.55   0.122    -1.533298    .1817776
                    do lar  |  -.4199382   .3439816    -1.22   0.222    -1.094833    .2549563
              desempregada  |   .1289522   .3812687     0.34   0.735    -.6190999    .8770043
                            |
     responsavel_financeira |  -.3486589   .3042569    -1.15   0.252    -.9456131    .2482954
                            |
                     catAge |
                   31 à 40  |  -.6313612   .2973782    -2.12   0.034    -1.214819    -.047903
                   41 à 50  |  -.4805819   .3118013    -1.54   0.124    -1.092338    .1311746
                   51 à 60  |  -.3703191    .352983    -1.05   0.294    -1.062874    .3222361
                   61 à 70  |   -.134863   .4382009    -0.31   0.758    -.9946164    .7248905
                      + 71  |  -.8972001    1.06512    -0.84   0.400    -2.986973    1.192573
                            |
            religiao_import |   1.001837   1.085635     0.92   0.356    -1.128187     3.13186
                            |
            catNumeroFilhos |
                  um filho  |  -.1436202   .3631833    -0.40   0.693    -.8561885    .5689481
               dois filhos  |  -.3724985   .3723112    -1.00   0.317    -1.102976     .357979
       três ou mais filhos  |  -.2996013   .3813042    -0.79   0.432    -1.047723    .4485205
                            |
                       wave |
                         6  |  -.7776683   .2880705    -2.70   0.007    -1.342865   -.2124717
                         7  |  -.4006777    .286674    -1.40   0.162    -.9631343    .1617788
                            |
                      _cons |  -2.612289   1.241863    -2.10   0.036    -5.048833   -.1757448
---------------------------------------------------------------------------------------------

. margins, dydx(*)

Average marginal effects

Number of strata =     3                          Number of obs   =      1,165
Number of PSUs   = 1,165                          Population size = 737.200127
Model VCE: Linearized                             Design df       =      1,162

Expression: Pr(vdomest), predict()
dy/dx wrt:  2.catIS 3.catIS 4.catIS 5.catIS 2.catEduc 3.catEduc 2.catES 3.catES 4.catES 5.catES 6.catES responsavel_financeira 2.catAge 3.catAge 4.catAge 5.catAge 6.catAge
            religiao_import 2.catNumeroFilhos 3.catNumeroFilhos 4.catNumeroFilhos 6.wave 7.wave

---------------------------------------------------------------------------------------------
                            |            Delta-method
                            |      dy/dx   std. err.      t    P>|t|     [95% conf. interval]
----------------------------+----------------------------------------------------------------
                      catIS |
                2º quintil  |   .0472737   .0207609     2.28   0.023     .0065406    .0880068
                3º quintil  |   .0679821   .0195886     3.47   0.001     .0295491    .1064151
                4º quintil  |   .1072398   .0342215     3.13   0.002     .0400969    .1743827
                5º quintil  |   .0448545   .0419088     1.07   0.285    -.0373708    .1270799
                            |
                    catEduc |
              ensino médio  |  -.0438751   .0207863    -2.11   0.035     -.084658   -.0030922
ensino técnico ou superior  |  -.0661056   .0243602    -2.71   0.007    -.1139005   -.0183107
                            |
                      catES |
             tempo parcial  |   .0587873   .0376035     1.56   0.118    -.0149911    .1325657
                  autônoma  |  -.0047751   .0267148    -0.18   0.858    -.0571897    .0476395
                aposentada  |  -.0444621   .0255287    -1.74   0.082    -.0945497    .0056254
                    do lar  |  -.0304136   .0244234    -1.25   0.213    -.0783325    .0175054
              desempregada  |   .0114775   .0346329     0.33   0.740    -.0564725    .0794275
                            |
     responsavel_financeira |   -.027498   .0239605    -1.15   0.251    -.0745086    .0195127
                            |
                     catAge |
                   31 à 40  |  -.0519527    .025103    -2.07   0.039    -.1012049   -.0027004
                   41 à 50  |  -.0417026   .0269234    -1.55   0.122    -.0945265    .0111212
                   51 à 60  |  -.0334044   .0312852    -1.07   0.286    -.0947862    .0279774
                   61 à 70  |  -.0132066   .0419417    -0.31   0.753    -.0954965    .0690833
                      + 71  |  -.0672407   .0578353    -1.16   0.245     -.180714    .0462326
                            |
            religiao_import |   .0790127    .085706     0.92   0.357    -.0891432    .2471685
                            |
            catNumeroFilhos |
                  um filho  |  -.0129205   .0334644    -0.39   0.699    -.0785778    .0527368
               dois filhos  |  -.0308822   .0330282    -0.94   0.350    -.0956838    .0339194
       três ou mais filhos  |  -.0254952   .0341211    -0.75   0.455    -.0924412    .0414507
                            |
                       wave |
                         6  |  -.0658487   .0267612    -2.46   0.014    -.1183545   -.0133429
                         7  |  -.0386366   .0287254    -1.35   0.179     -.094996    .0177229
---------------------------------------------------------------------------------------------
Note: dy/dx for factor levels is the discrete change from the base level.

. 
end of do-file

. log close
      name:  <unnamed>
       log:  \\tsclient\D\Downloads\projeto_2021_2\regressao\regressao.log
  log type:  text
 closed on:  28 Jan 2022, 13:14:57
---------------------------------------------------------------------------------------------------------------------------------------------------------------------------------
